<?xml version="1.0" encoding="UTF-8"?>
<!-- Generated by org.testng.reporters.JUnitXMLReporter -->
<testsuite ignored="0" hostname="LAPTOP-09AFOE6P" failures="0" tests="5" name="Default test" time="47.3" errors="0" timestamp="2023-11-29T11:40:27 IST">
  <testcase classname="testrunner.makeAppointmentTR" name="validateMakeAppointment" time="2.919"/>
  <testcase classname="testrunner.makeAppointmentTR" name="validate_2_DropDwon_radioButton" time="3.075"/>
  <testcase classname="testrunner.makeAppointmentTR" name="validate_3_DropDwon_radioButton" time="3.053"/>
  <testcase classname="testrunner.makeAppointmentTR" name="verifyScrollUpButton" time="1.612"/>
  <testcase classname="testrunner.makeAppointmentTR" name="verifyHistoryButton" time="4.282"/>
</testsuite> <!-- Default test -->
