<?xml version="1.0" encoding="UTF-8"?>
<testng-results ignored="0" total="5" passed="5" failed="0" skipped="0">
  <reporter-output>
  </reporter-output>
  <suite started-at="2023-11-29T11:39:39 IST" name="Default suite" finished-at="2023-11-29T11:40:27 IST" duration-ms="47300">
    <groups>
    </groups>
    <test started-at="2023-11-29T11:39:39 IST" name="Default test" finished-at="2023-11-29T11:40:27 IST" duration-ms="47300">
      <class name="testrunner.makeAppointmentTR">
        <test-method is-config="true" signature="Setup()[pri:0, instance:testrunner.makeAppointmentTR@799f10e1]" started-at="2023-11-29T11:39:39 IST" name="Setup" finished-at="2023-11-29T11:39:47 IST" duration-ms="7376" status="PASS">
          <reporter-output>
          </reporter-output>
        </test-method> <!-- Setup -->
        <test-method signature="validateMakeAppointment()[pri:1, instance:testrunner.makeAppointmentTR@799f10e1]" started-at="2023-11-29T11:39:47 IST" name="validateMakeAppointment" description="Validate with make Appointment Page " finished-at="2023-11-29T11:39:50 IST" duration-ms="2919" status="PASS">
          <reporter-output>
          </reporter-output>
        </test-method> <!-- validateMakeAppointment -->
        <test-method is-config="true" signature="Closedriver()[pri:0, instance:testrunner.makeAppointmentTR@799f10e1]" started-at="2023-11-29T11:39:50 IST" name="Closedriver" finished-at="2023-11-29T11:39:50 IST" duration-ms="213" status="PASS">
          <reporter-output>
          </reporter-output>
        </test-method> <!-- Closedriver -->
        <test-method is-config="true" signature="Setup()[pri:0, instance:testrunner.makeAppointmentTR@799f10e1]" started-at="2023-11-29T11:39:50 IST" name="Setup" finished-at="2023-11-29T11:39:57 IST" duration-ms="7103" status="PASS">
          <reporter-output>
          </reporter-output>
        </test-method> <!-- Setup -->
        <test-method signature="validate_2_DropDwon_radioButton()[pri:2, instance:testrunner.makeAppointmentTR@799f10e1]" started-at="2023-11-29T11:39:57 IST" name="validate_2_DropDwon_radioButton" description="validate HonkongCHC DropDown and Medicaid radio Button " finished-at="2023-11-29T11:40:00 IST" duration-ms="3075" status="PASS">
          <reporter-output>
          </reporter-output>
        </test-method> <!-- validate_2_DropDwon_radioButton -->
        <test-method is-config="true" signature="Closedriver()[pri:0, instance:testrunner.makeAppointmentTR@799f10e1]" started-at="2023-11-29T11:40:00 IST" name="Closedriver" finished-at="2023-11-29T11:40:00 IST" duration-ms="171" status="PASS">
          <reporter-output>
          </reporter-output>
        </test-method> <!-- Closedriver -->
        <test-method is-config="true" signature="Setup()[pri:0, instance:testrunner.makeAppointmentTR@799f10e1]" started-at="2023-11-29T11:40:00 IST" name="Setup" finished-at="2023-11-29T11:40:06 IST" duration-ms="5875" status="PASS">
          <reporter-output>
          </reporter-output>
        </test-method> <!-- Setup -->
        <test-method signature="validate_3_DropDwon_radioButton()[pri:3, instance:testrunner.makeAppointmentTR@799f10e1]" started-at="2023-11-29T11:40:06 IST" name="validate_3_DropDwon_radioButton" description="validate SeoulCHC DropDown and Non radio Button " finished-at="2023-11-29T11:40:09 IST" duration-ms="3053" status="PASS">
          <reporter-output>
          </reporter-output>
        </test-method> <!-- validate_3_DropDwon_radioButton -->
        <test-method is-config="true" signature="Closedriver()[pri:0, instance:testrunner.makeAppointmentTR@799f10e1]" started-at="2023-11-29T11:40:09 IST" name="Closedriver" finished-at="2023-11-29T11:40:09 IST" duration-ms="161" status="PASS">
          <reporter-output>
          </reporter-output>
        </test-method> <!-- Closedriver -->
        <test-method is-config="true" signature="Setup()[pri:0, instance:testrunner.makeAppointmentTR@799f10e1]" started-at="2023-11-29T11:40:09 IST" name="Setup" finished-at="2023-11-29T11:40:15 IST" duration-ms="5485" status="PASS">
          <reporter-output>
          </reporter-output>
        </test-method> <!-- Setup -->
        <test-method signature="verifyScrollUpButton()[pri:4, instance:testrunner.makeAppointmentTR@799f10e1]" started-at="2023-11-29T11:40:15 IST" name="verifyScrollUpButton" description="verify ScrollUp Button" finished-at="2023-11-29T11:40:16 IST" duration-ms="1612" status="PASS">
          <reporter-output>
          </reporter-output>
        </test-method> <!-- verifyScrollUpButton -->
        <test-method is-config="true" signature="Closedriver()[pri:0, instance:testrunner.makeAppointmentTR@799f10e1]" started-at="2023-11-29T11:40:16 IST" name="Closedriver" finished-at="2023-11-29T11:40:17 IST" duration-ms="149" status="PASS">
          <reporter-output>
          </reporter-output>
        </test-method> <!-- Closedriver -->
        <test-method is-config="true" signature="Setup()[pri:0, instance:testrunner.makeAppointmentTR@799f10e1]" started-at="2023-11-29T11:40:17 IST" name="Setup" finished-at="2023-11-29T11:40:22 IST" duration-ms="5697" status="PASS">
          <reporter-output>
          </reporter-output>
        </test-method> <!-- Setup -->
        <test-method signature="verifyHistoryButton()[pri:5, instance:testrunner.makeAppointmentTR@799f10e1]" started-at="2023-11-29T11:40:22 IST" name="verifyHistoryButton" description="verify History Button" finished-at="2023-11-29T11:40:27 IST" duration-ms="4282" status="PASS">
          <reporter-output>
          </reporter-output>
        </test-method> <!-- verifyHistoryButton -->
        <test-method is-config="true" signature="Closedriver()[pri:0, instance:testrunner.makeAppointmentTR@799f10e1]" started-at="2023-11-29T11:40:27 IST" name="Closedriver" finished-at="2023-11-29T11:40:27 IST" duration-ms="87" status="PASS">
          <reporter-output>
          </reporter-output>
        </test-method> <!-- Closedriver -->
      </class> <!-- testrunner.makeAppointmentTR -->
    </test> <!-- Default test -->
  </suite> <!-- Default suite -->
</testng-results>
